DOJA CAT - WOMAN
GEOVANNA JAINY - VOCê CHEGOU
CAROL BIAZIN - CODINOME BEIJA-FLOR
MAROON 5 - PAYPHONE (FT. WIZ KHALIFA)
WIZ KHALIFA - SEE YOU AGAIN (FEAT. CHARLIE PUTH)
NIKI - EVERY SUMMERTIME
BECKY G ;  KAROL G - MAMIII
AKON - OH AFRICA (FT KERI HILSON)
OLIVIA RODRIGO - DEJA VU
DOVE CAMERON - BOYFRIEND
DUA LIPA - LOVE AGAIN
ED SHEERAN - SHIVERS
ELTON JOHN ;  BRITNEY SPEARS - HOLD ME CLOSER
HARRY STYLES - LATE NIGHT TALKING
NANDO REIS - NOS SEUS OLHOS
3 DOORS DOWN - HERE WITHOUT YOU
LABRINTH ;  ZENDAYA - ALL FOR US - FROM THE HBO ORIGINAL SERIES EUPHORIA
GUNNA ;  FUTURE ;  YOUNG THUG - PUSHIN P (FEAT. YOUNG THUG)
PINK - SOBER
JAY-Z - EMPIRE STATE OF MIND (FEAT. ALICIA KEYS)
LP - LOST ON YOU
